teju411@akhil411:~$ script lab1_16327149.log
Script started, output log file is 'lab1_16327149.log'.
akhil411@akhil411:~$ date
Tue Sep  6 08:53:37 PM UTC 2022
akhil411@akhil411:~$ who
akhil411 tty2         2022-09-06 15:11 (tty2)
akhil411@akhil411:~$ mkdir lab1
akhil411@akhil411:~$ chmod 765 lab1
akhil411@akhil411:~$ ls -l>> root.txt
akhil411@akhil411:~$ sort -nr -k 5 root.txt>> sorted.txt
akhil411@akhil411:~$ cat sorted.txt
drwxr-xr-x 3 akhil411 akhil411 4096 Aug 29 03:02 Desktop
drwxr-xr-x 2 akhil411 akhil411 4096 Aug 29 02:23 Videos
drwxr-xr-x 2 akhil411 akhil411 4096 Aug 29 02:23 Templates
drwxr-xr-x 2 akhil411 akhil411 4096 Aug 29 02:23 Public
drwxr-xr-x 2 akhil411 akhil411 4096 Aug 29 02:23 Pictures
drwxr-xr-x 2 akhil411 akhil411 4096 Aug 29 02:23 Music
drwxr-xr-x 2 akhil411 akhil411 4096 Aug 29 02:23 Downloads
drwxr-xr-x 2 akhil411 akhil411 4096 Aug 29 02:23 Documents
drwxrwxr-x 2 akhil411 akhil411 4096 Aug 29 02:38 test1
drwxrw-r-x 2 akhil411 akhil411 4096 Sep  6 20:53 lab1
total 40
-rw-rw-r-- 1 akhil411 akhil411    0 Sep  6 20:54 root.txt
-rw-rw-r-- 1 akhil411 akhil411    0 Sep  6 20:53 lab1_16327149.log
akhil411@akhil411:~$ cat root.txt root2.txt >> joint.txt
cat: root2.txt: No such file or directory
akhil411@akhil411:~$ cp root.txt root2.txt
akhil411@akhil411:~$ ls
Desktop    Downloads  lab1               Music     Public     root.txt    Templates  Videos
Documents  joint.txt  lab1_16327149.log  Pictures  root2.txt  sorted.txt  test1
akhil411@akhil411:~$ cat root.txt root2.txt >> joint.txt
akhil411@akhil411:~$ cat root2.txt 
total 40
drwxr-xr-x 3 akhil411 akhil411 4096 Aug 29 03:02 Desktop
drwxr-xr-x 2 akhil411 akhil411 4096 Aug 29 02:23 Documents
drwxr-xr-x 2 akhil411 akhil411 4096 Aug 29 02:23 Downloads
drwxrw-r-x 2 akhil411 akhil411 4096 Sep  6 20:53 lab1
-rw-rw-r-- 1 akhil411 akhil411    0 Sep  6 20:53 lab1_16327149.log
drwxr-xr-x 2 akhil411 akhil411 4096 Aug 29 02:23 Music
drwxr-xr-x 2 akhil411 akhil411 4096 Aug 29 02:23 Pictures
drwxr-xr-x 2 akhil411 akhil411 4096 Aug 29 02:23 Public
-rw-rw-r-- 1 akhil411 akhil411    0 Sep  6 20:54 root.txt
drwxr-xr-x 2 akhil411 akhil411 4096 Aug 29 02:23 Templates
drwxrwxr-x 2 akhil411 akhil411 4096 Aug 29 02:38 test1
drwxr-xr-x 2 akhil411 akhil411 4096 Aug 29 02:23 Videos
akhil411@akhil411:~$ mv root2.txt newroot.txt
akhil411@akhil411:~$ cp newroot.txt /lab1/root3.txt
cp: cannot create regular file '/lab1/root3.txt': No such file or directory
akhil411@akhil411:~$ cp newroot.txt lab1/root3.txt
akhil411@akhil411:~$ cd lab1/
akhil411@akhil411:~/lab1$ ls
root3.txt
akhil411@akhil411:~/lab1$ mkdir temp
akhil411@akhil411:~/lab1$ mkdir hold
akhil411@akhil411:~/lab1$ ls
hold  root3.txt  temp
akhil411@akhil411:~/lab1$ cp root3.txt temp/root4.txt
akhil411@akhil411:~/lab1$ mv root3.txt hold/root5.txt
akhil411@akhil411:~/lab1$ cd hold
akhil411@akhil411:~/lab1/hold$ ls
root5.txt
akhil411@akhil411:~/lab1/hold$ cd ../temp/
akhil411@akhil411:~/lab1/temp$ ls
root4.txt
akhil411@akhil411:~/lab1/temp$ cd ..
akhil411@akhil411:~/lab1$ pwd
/home/akhil411/lab1
akhil411@akhil411:~/lab1$ rm hold/root5.txt 
akhil411@akhil411:~/lab1$ rmdir hold/
akhil411@akhil411:~/lab1$ ls
temp
akhil411@akhil411:~/lab1$ clear
akhil411@akhil411:~/lab1$ cd ..
akhil411@akhil411:~$ pwd
/home/akhil411
akhil411@akhil411:~$ exit
exit
Script done.





